<?xml version="1.0" encoding="UTF-8"?>
<testsuite name="com.ojcoleman.europa.ConfigurableComponentParamsTest" tests="10" skipped="8" failures="1" errors="0" timestamp="2015-12-27T21:06:59" hostname="hubert" time="0.044">
  <properties/>
  <testcase name="paramsSetValues[0]({&quot;booleanParamTrue&quot;:true,&quot;booleanParamFalse&quot;:false,&quot;intParam&quot;:2,&quot;longParam&quot;:3,&quot;floatParam&quot;:5.7,&quot;doubleParam&quot;:11.13,&quot;stringParam&quot;:&quot;Seventeen, nineteen.&quot;,&quot;customObjectParam&quot;:{&quot;intVal&quot;:21,&quot;stringVal&quot;:&quot;twenty three&quot;},&quot;classParam&quot;:&quot;java.lang.Double&quot;,&quot;enumParam&quot;:&quot;test_1&quot;})" classname="com.ojcoleman.europa.ConfigurableComponentParamsTest" time="0.025">
    <failure message="java.lang.IllegalArgumentException: The enum constant test_1 specified for the parameter enumParam in component (super)class com.ojcoleman.europa.ConfigurableComponentParamsTest.ParamsSet does not exist. Check case?" type="java.lang.IllegalArgumentException">java.lang.IllegalArgumentException: The enum constant test_1 specified for the parameter enumParam in component (super)class com.ojcoleman.europa.ConfigurableComponentParamsTest.ParamsSet does not exist. Check case?
	at com.ojcoleman.europa.configurable.ConfigurableComponent.checkEnumValueExists(ConfigurableComponent.java:585)
	at com.ojcoleman.europa.configurable.ConfigurableComponent.access$300(ConfigurableComponent.java:61)
	at com.ojcoleman.europa.configurable.ConfigurableComponent$ParameterWrapper.set(ConfigurableComponent.java:544)
	at com.ojcoleman.europa.configurable.ConfigurableComponent.&lt;init&gt;(ConfigurableComponent.java:110)
	at com.ojcoleman.europa.ConfigurableComponentParamsTest$ParamsSet.&lt;init&gt;(ConfigurableComponentParamsTest.java:198)
	at com.ojcoleman.europa.ConfigurableComponentParamsTest.paramsSetValues(ConfigurableComponentParamsTest.java:35)
	at sun.reflect.NativeMethodAccessorImpl.invoke0(Native Method)
	at sun.reflect.NativeMethodAccessorImpl.invoke(NativeMethodAccessorImpl.java:62)
	at sun.reflect.DelegatingMethodAccessorImpl.invoke(DelegatingMethodAccessorImpl.java:43)
	at java.lang.reflect.Method.invoke(Method.java:497)
	at org.testng.internal.MethodInvocationHelper.invokeMethod(MethodInvocationHelper.java:85)
	at org.testng.internal.Invoker.invokeMethod(Invoker.java:639)
	at org.testng.internal.Invoker.invokeTestMethod(Invoker.java:816)
	at org.testng.internal.Invoker.invokeTestMethods(Invoker.java:1124)
	at org.testng.internal.TestMethodWorker.invokeTestMethods(TestMethodWorker.java:125)
	at org.testng.internal.TestMethodWorker.run(TestMethodWorker.java:108)
	at org.testng.TestRunner.privateRun(TestRunner.java:774)
	at org.testng.TestRunner.run(TestRunner.java:624)
	at org.testng.SuiteRunner.runTest(SuiteRunner.java:359)
	at org.testng.SuiteRunner.runSequentially(SuiteRunner.java:354)
	at org.testng.SuiteRunner.privateRun(SuiteRunner.java:312)
	at org.testng.SuiteRunner.run(SuiteRunner.java:261)
	at org.testng.SuiteRunnerWorker.runSuite(SuiteRunnerWorker.java:52)
	at org.testng.SuiteRunnerWorker.run(SuiteRunnerWorker.java:86)
	at org.testng.TestNG.runSuitesSequentially(TestNG.java:1215)
	at org.testng.TestNG.runSuitesLocally(TestNG.java:1140)
	at org.testng.TestNG.run(TestNG.java:1048)
	at org.gradle.api.internal.tasks.testing.testng.TestNGTestClassProcessor.runTests(TestNGTestClassProcessor.java:136)
	at org.gradle.api.internal.tasks.testing.testng.TestNGTestClassProcessor.stop(TestNGTestClassProcessor.java:80)
	at org.gradle.api.internal.tasks.testing.SuiteTestClassProcessor.stop(SuiteTestClassProcessor.java:59)
	at sun.reflect.NativeMethodAccessorImpl.invoke0(Native Method)
	at sun.reflect.NativeMethodAccessorImpl.invoke(NativeMethodAccessorImpl.java:62)
	at sun.reflect.DelegatingMethodAccessorImpl.invoke(DelegatingMethodAccessorImpl.java:43)
	at java.lang.reflect.Method.invoke(Method.java:497)
	at org.gradle.messaging.dispatch.ReflectionDispatch.dispatch(ReflectionDispatch.java:35)
	at org.gradle.messaging.dispatch.ReflectionDispatch.dispatch(ReflectionDispatch.java:24)
	at org.gradle.messaging.dispatch.ContextClassLoaderDispatch.dispatch(ContextClassLoaderDispatch.java:32)
	at org.gradle.messaging.dispatch.ProxyDispatchAdapter$DispatchingInvocationHandler.invoke(ProxyDispatchAdapter.java:93)
	at com.sun.proxy.$Proxy2.stop(Unknown Source)
	at org.gradle.api.internal.tasks.testing.worker.TestWorker.stop(TestWorker.java:116)
	at sun.reflect.NativeMethodAccessorImpl.invoke0(Native Method)
	at sun.reflect.NativeMethodAccessorImpl.invoke(NativeMethodAccessorImpl.java:62)
	at sun.reflect.DelegatingMethodAccessorImpl.invoke(DelegatingMethodAccessorImpl.java:43)
	at java.lang.reflect.Method.invoke(Method.java:497)
	at org.gradle.messaging.dispatch.ReflectionDispatch.dispatch(ReflectionDispatch.java:35)
	at org.gradle.messaging.dispatch.ReflectionDispatch.dispatch(ReflectionDispatch.java:24)
	at org.gradle.messaging.remote.internal.hub.MessageHub$Handler.run(MessageHub.java:360)
	at org.gradle.internal.concurrent.ExecutorPolicy$CatchAndRecordFailures.onExecute(ExecutorPolicy.java:54)
	at org.gradle.internal.concurrent.StoppableExecutorImpl$1.run(StoppableExecutorImpl.java:40)
	at java.util.concurrent.ThreadPoolExecutor.runWorker(ThreadPoolExecutor.java:1142)
	at java.util.concurrent.ThreadPoolExecutor$Worker.run(ThreadPoolExecutor.java:617)
	at java.lang.Thread.run(Thread.java:745)
Caused by: java.lang.IllegalArgumentException: No enum constant com.ojcoleman.europa.ConfigurableComponentParamsTest.TestEnum.test_1
	at java.lang.Enum.valueOf(Enum.java:238)
	at com.ojcoleman.europa.configurable.ConfigurableComponent.checkEnumValueExists(ConfigurableComponent.java:580)
	... 51 more
</failure>
  </testcase>
  <testcase name="setObjectParamNoGoodConstructor" classname="com.ojcoleman.europa.ConfigurableComponentParamsTest" time="0.002"/>
  <testcase name="paramsDefaults" classname="com.ojcoleman.europa.ConfigurableComponentParamsTest" time="0.0">
    <skipped/>
  </testcase>
  <testcase name="paramsMissingRequired" classname="com.ojcoleman.europa.ConfigurableComponentParamsTest" time="0.0">
    <skipped/>
  </testcase>
  <testcase name="paramsOptional" classname="com.ojcoleman.europa.ConfigurableComponentParamsTest" time="0.0">
    <skipped/>
  </testcase>
  <testcase name="paramsMaxValidation" classname="com.ojcoleman.europa.ConfigurableComponentParamsTest" time="0.0">
    <skipped/>
  </testcase>
  <testcase name="paramsMinValidation" classname="com.ojcoleman.europa.ConfigurableComponentParamsTest" time="0.0">
    <skipped/>
  </testcase>
  <testcase name="paramsRegexValidation" classname="com.ojcoleman.europa.ConfigurableComponentParamsTest" time="0.0">
    <skipped/>
  </testcase>
  <testcase name="paramsSetArrayValues" classname="com.ojcoleman.europa.ConfigurableComponentParamsTest" time="0.0">
    <skipped/>
  </testcase>
  <testcase name="paramsDefaultArrayValues" classname="com.ojcoleman.europa.ConfigurableComponentParamsTest" time="0.0">
    <skipped/>
  </testcase>
  <system-out><![CDATA[]]></system-out>
  <system-err><![CDATA[[Test worker] ERROR com.ojcoleman.europa.configurable.ConfigurableComponent - The enum constant test_1 specified for the parameter enumParam in component (super)class com.ojcoleman.europa.ConfigurableComponentParamsTest.ParamsSet does not exist. Check case?
[Test worker] ERROR com.ojcoleman.europa.configurable.ConfigurableComponent - Parameter param in component (super)class com.ojcoleman.europa.ConfigurableComponentParamsTest.ParamsCustomObjectNoGoodConstructor is of a Class that has no Constructor taking either a single JsonValue or String argument.
]]></system-err>
</testsuite>
