<html>
<head>
<title>TestNG:  Test</title>
<link href="../testng.css" rel="stylesheet" type="text/css" />
<link href="../my-testng.css" rel="stylesheet" type="text/css" />

<style type="text/css">
.log { display: none;} 
.stack-trace { display: none;} 
</style>
<script type="text/javascript">
<!--
function flip(e) {
  current = e.style.display;
  if (current == 'block') {
    e.style.display = 'none';
    return 0;
  }
  else {
    e.style.display = 'block';
    return 1;
  }
}

function toggleBox(szDivId, elem, msg1, msg2)
{
  var res = -1;  if (document.getElementById) {
    res = flip(document.getElementById(szDivId));
  }
  else if (document.all) {
    // this is the way old msie versions work
    res = flip(document.all[szDivId]);
  }
  if(elem) {
    if(res == 0) elem.innerHTML = msg1; else elem.innerHTML = msg2;
  }

}

function toggleAllBoxes() {
  if (document.getElementsByTagName) {
    d = document.getElementsByTagName('div');
    for (i = 0; i < d.length; i++) {
      if (d[i].className == 'log') {
        flip(d[i]);
      }
    }
  }
}

// -->
</script>

</head>
<body>
<h2 align='center'>Test</h2><table border='1' align="center">
<tr>
<td>Tests passed/Failed/Skipped:</td><td>11/1/5</td>
</tr><tr>
<td>Started on:</td><td>Sat Nov 28 06:43:59 AEDT 2015</td>
</tr>
<tr><td>Total time:</td><td>0 seconds (85 ms)</td>
</tr><tr>
<td>Included groups:</td><td></td>
</tr><tr>
<td>Excluded groups:</td><td></td>
</tr>
</table><p/>
<small><i>(Hover the method name to see the test class name)</i></small><p/>
<table width='100%' border='1' class='invocation-failed'>
<tr><td colspan='4' align='center'><b>FAILED TESTS</b></td></tr>
<tr><td><b>Test method</b></td>
<td width="30%"><b>Exception</b></td>
<td width="10%"><b>Time (seconds)</b></td>
<td><b>Instance</b></td>
</tr>
<tr>
<td title='com.ojcoleman.europa.ConfigurableComponentParamsTest.setObjectParamNoGoodConstructor()'><b>setObjectParamNoGoodConstructor</b><br>Test class: com.ojcoleman.europa.ConfigurableComponentParamsTest</td>
<td><div><pre>java.lang.AssertionError: Wrong exception thrown.
	at com.ojcoleman.europa.ConfigurableComponentParamsTest.setObjectParamNoGoodConstructor(ConfigurableComponentParamsTest.java:96)
	at java.util.concurrent.FutureTask.run(FutureTask.java:262)
	at java.util.concurrent.ThreadPoolExecutor.runWorker(ThreadPoolExecutor.java:1145)
	at java.util.concurrent.ThreadPoolExecutor$Worker.run(ThreadPoolExecutor.java:615)
	at java.lang.Thread.run(Thread.java:745)
Caused by: com.ojcoleman.europa.configurable.RequiredParameterValueMissingException: Value for required parameter param in component com.ojcoleman.europa.ConfigurableComponentParamsTest$ParamsCustomObjectNoGoodConstructor
	at com.ojcoleman.europa.configurable.ConfigurableComponent$ParameterWrapper.set(ConfigurableComponent.java:374)
	at com.ojcoleman.europa.configurable.ConfigurableComponent.&lt;init&gt;(ConfigurableComponent.java:85)
	at com.ojcoleman.europa.ConfigurableComponentParamsTest$ParamsCustomObjectNoGoodConstructor.&lt;init&gt;(ConfigurableComponentParamsTest.java:343)
	at com.ojcoleman.europa.ConfigurableComponentParamsTest.setObjectParamNoGoodConstructor(ConfigurableComponentParamsTest.java:92)
	... 20 more
... Removed 17 stack frames</pre></div><a href='#' onClick='toggleBox("stack-trace394399946", this, "Click to show all stack frames", "Click to hide stack frames")'>Click to show all stack frames</a>
<div class='stack-trace' id='stack-trace394399946'><pre>java.lang.AssertionError: Wrong exception thrown.
	at org.testng.Assert.fail(Assert.java:83)
	at com.ojcoleman.europa.ConfigurableComponentParamsTest.setObjectParamNoGoodConstructor(ConfigurableComponentParamsTest.java:96)
	at sun.reflect.NativeMethodAccessorImpl.invoke0(Native Method)
	at sun.reflect.NativeMethodAccessorImpl.invoke(NativeMethodAccessorImpl.java:57)
	at sun.reflect.DelegatingMethodAccessorImpl.invoke(DelegatingMethodAccessorImpl.java:43)
	at java.lang.reflect.Method.invoke(Method.java:606)
	at org.testng.internal.MethodInvocationHelper.invokeMethod(MethodInvocationHelper.java:85)
	at org.testng.internal.Invoker.invokeMethod(Invoker.java:639)
	at org.testng.internal.Invoker.invokeTestMethod(Invoker.java:816)
	at org.testng.internal.Invoker.invokeTestMethods(Invoker.java:1124)
	at org.testng.internal.TestMethodWorker.invokeTestMethods(TestMethodWorker.java:125)
	at org.testng.internal.TestMethodWorker.run(TestMethodWorker.java:108)
	at org.testng.TestRunner.privateRun(TestRunner.java:774)
	at org.testng.TestRunner.run(TestRunner.java:624)
	at org.testng.SuiteRunner.runTest(SuiteRunner.java:359)
	at org.testng.SuiteRunner.access$000(SuiteRunner.java:39)
	at org.testng.SuiteRunner$SuiteWorker.run(SuiteRunner.java:393)
	at org.testng.internal.thread.ThreadUtil$2.call(ThreadUtil.java:64)
	at java.util.concurrent.FutureTask.run(FutureTask.java:262)
	at java.util.concurrent.ThreadPoolExecutor.runWorker(ThreadPoolExecutor.java:1145)
	at java.util.concurrent.ThreadPoolExecutor$Worker.run(ThreadPoolExecutor.java:615)
	at java.lang.Thread.run(Thread.java:745)
Caused by: com.ojcoleman.europa.configurable.RequiredParameterValueMissingException: Value for required parameter param in component com.ojcoleman.europa.ConfigurableComponentParamsTest$ParamsCustomObjectNoGoodConstructor
	at com.ojcoleman.europa.configurable.ConfigurableComponent$ParameterWrapper.set(ConfigurableComponent.java:374)
	at com.ojcoleman.europa.configurable.ConfigurableComponent.&lt;init&gt;(ConfigurableComponent.java:85)
	at com.ojcoleman.europa.ConfigurableComponentParamsTest$ParamsCustomObjectNoGoodConstructor.&lt;init&gt;(ConfigurableComponentParamsTest.java:343)
	at com.ojcoleman.europa.ConfigurableComponentParamsTest.setObjectParamNoGoodConstructor(ConfigurableComponentParamsTest.java:92)
	... 20 more
</pre></div></td>
<td>0</td>
<td>com.ojcoleman.europa.ConfigurableComponentParamsTest@dabb176</td></tr>
</table><p>
<table width='100%' border='1' class='invocation-passed'>
<tr><td colspan='4' align='center'><b>PASSED TESTS</b></td></tr>
<tr><td><b>Test method</b></td>
<td width="30%"><b>Exception</b></td>
<td width="10%"><b>Time (seconds)</b></td>
<td><b>Instance</b></td>
</tr>
<tr>
<td title='com.ojcoleman.europa.ConfigurableComponentParamsTest.paramsDefaults()'><b>paramsDefaults</b><br>Test class: com.ojcoleman.europa.ConfigurableComponentParamsTest</td>
<td></td>
<td>0</td>
<td>com.ojcoleman.europa.ConfigurableComponentParamsTest@dabb176</td></tr>
<tr>
<td title='com.ojcoleman.europa.ConfigurableComponentParamsTest.paramsMissingRequired()'><b>paramsMissingRequired</b><br>Test class: com.ojcoleman.europa.ConfigurableComponentParamsTest<br>Parameters: {"booleanParamTrue":true,"booleanParamFalse":false,"intParam":2,"longParam":3,"floatParam":5.7,"doubleParam":11.13,"stringParam":"Seventeen, nineteen.","customObjectParam":{"intVal":21,"stringVal":"twenty three"},"classParam":"java.lang.Double"}</td>
<td></td>
<td>0</td>
<td>com.ojcoleman.europa.ConfigurableComponentParamsTest@dabb176</td></tr>
<tr>
<td title='com.ojcoleman.europa.ConfigurableComponentParamsTest.paramsOptional()'><b>paramsOptional</b><br>Test class: com.ojcoleman.europa.ConfigurableComponentParamsTest<br>Parameters: {"booleanParamTrue":true,"booleanParamFalse":false,"intParam":2,"longParam":3,"floatParam":5.7,"doubleParam":11.13,"stringParam":"Seventeen, nineteen.","customObjectParam":{"intVal":21,"stringVal":"twenty three"},"classParam":"java.lang.Double"}</td>
<td></td>
<td>0</td>
<td>com.ojcoleman.europa.ConfigurableComponentParamsTest@dabb176</td></tr>
<tr>
<td title='com.ojcoleman.europa.ConfigurableComponentParamsTest.paramsSetValues()'><b>paramsSetValues</b><br>Test class: com.ojcoleman.europa.ConfigurableComponentParamsTest<br>Parameters: {"booleanParamTrue":true,"booleanParamFalse":false,"intParam":2,"longParam":3,"floatParam":5.7,"doubleParam":11.13,"stringParam":"Seventeen, nineteen.","customObjectParam":{"intVal":21,"stringVal":"twenty three"},"classParam":"java.lang.Double"}</td>
<td></td>
<td>0</td>
<td>com.ojcoleman.europa.ConfigurableComponentParamsTest@dabb176</td></tr>
<tr>
<td title='com.ojcoleman.europa.ConfigurableComponentSubcomponentsTest.subCompArrayWithParams()'><b>subCompArrayWithParams</b><br>Test class: com.ojcoleman.europa.ConfigurableComponentSubcomponentsTest</td>
<td></td>
<td>0</td>
<td>com.ojcoleman.europa.ConfigurableComponentSubcomponentsTest@326dff70</td></tr>
<tr>
<td title='com.ojcoleman.europa.ConfigurableComponentSubcomponentsTest.subCompDefault()'><b>subCompDefault</b><br>Test class: com.ojcoleman.europa.ConfigurableComponentSubcomponentsTest</td>
<td></td>
<td>0</td>
<td>com.ojcoleman.europa.ConfigurableComponentSubcomponentsTest@326dff70</td></tr>
<tr>
<td title='com.ojcoleman.europa.ConfigurableComponentSubcomponentsTest.subCompInvalid()'><b>subCompInvalid</b><br>Test class: com.ojcoleman.europa.ConfigurableComponentSubcomponentsTest</td>
<td></td>
<td>0</td>
<td>com.ojcoleman.europa.ConfigurableComponentSubcomponentsTest@326dff70</td></tr>
<tr>
<td title='com.ojcoleman.europa.ConfigurableComponentSubcomponentsTest.subCompOptional()'><b>subCompOptional</b><br>Test class: com.ojcoleman.europa.ConfigurableComponentSubcomponentsTest</td>
<td></td>
<td>0</td>
<td>com.ojcoleman.europa.ConfigurableComponentSubcomponentsTest@326dff70</td></tr>
<tr>
<td title='com.ojcoleman.europa.ConfigurableComponentSubcomponentsTest.subCompRequired()'><b>subCompRequired</b><br>Test class: com.ojcoleman.europa.ConfigurableComponentSubcomponentsTest</td>
<td></td>
<td>0</td>
<td>com.ojcoleman.europa.ConfigurableComponentSubcomponentsTest@326dff70</td></tr>
<tr>
<td title='com.ojcoleman.europa.ConfigurableComponentSubcomponentsTest.subCompSetImpl()'><b>subCompSetImpl</b><br>Test class: com.ojcoleman.europa.ConfigurableComponentSubcomponentsTest</td>
<td></td>
<td>0</td>
<td>com.ojcoleman.europa.ConfigurableComponentSubcomponentsTest@326dff70</td></tr>
<tr>
<td title='com.ojcoleman.europa.ConfigurableComponentSubcomponentsTest.subCompWithParams()'><b>subCompWithParams</b><br>Test class: com.ojcoleman.europa.ConfigurableComponentSubcomponentsTest</td>
<td></td>
<td>0</td>
<td>com.ojcoleman.europa.ConfigurableComponentSubcomponentsTest@326dff70</td></tr>
</table><p>
<table width='100%' border='1' class='invocation-skipped'>
<tr><td colspan='4' align='center'><b>SKIPPED TESTS</b></td></tr>
<tr><td><b>Test method</b></td>
<td width="30%"><b>Exception</b></td>
<td width="10%"><b>Time (seconds)</b></td>
<td><b>Instance</b></td>
</tr>
<tr>
<td title='com.ojcoleman.europa.ConfigurableComponentParamsTest.paramsDefaultArrayValues()'><b>paramsDefaultArrayValues</b><br>Test class: com.ojcoleman.europa.ConfigurableComponentParamsTest</td>
<td><div><pre>java.lang.Throwable: Method ConfigurableComponentParamsTest.paramsDefaultArrayValues()[pri:0, instance:com.ojcoleman.europa.ConfigurableComponentParamsTest@dabb176] depends on not successfully finished methods in group &quot;basic&quot;
	at java.util.concurrent.FutureTask.run(FutureTask.java:262)
	at java.util.concurrent.ThreadPoolExecutor.runWorker(ThreadPoolExecutor.java:1145)
	at java.util.concurrent.ThreadPoolExecutor$Worker.run(ThreadPoolExecutor.java:615)
	at java.lang.Thread.run(Thread.java:745)
... Removed 9 stack frames</pre></div><a href='#' onClick='toggleBox("stack-trace153145364", this, "Click to show all stack frames", "Click to hide stack frames")'>Click to show all stack frames</a>
<div class='stack-trace' id='stack-trace153145364'><pre>java.lang.Throwable: Method ConfigurableComponentParamsTest.paramsDefaultArrayValues()[pri:0, instance:com.ojcoleman.europa.ConfigurableComponentParamsTest@dabb176] depends on not successfully finished methods in group &quot;basic&quot;
	at org.testng.internal.Invoker.invokeTestMethods(Invoker.java:1033)
	at org.testng.internal.TestMethodWorker.invokeTestMethods(TestMethodWorker.java:125)
	at org.testng.internal.TestMethodWorker.run(TestMethodWorker.java:108)
	at org.testng.TestRunner.privateRun(TestRunner.java:774)
	at org.testng.TestRunner.run(TestRunner.java:624)
	at org.testng.SuiteRunner.runTest(SuiteRunner.java:359)
	at org.testng.SuiteRunner.access$000(SuiteRunner.java:39)
	at org.testng.SuiteRunner$SuiteWorker.run(SuiteRunner.java:393)
	at org.testng.internal.thread.ThreadUtil$2.call(ThreadUtil.java:64)
	at java.util.concurrent.FutureTask.run(FutureTask.java:262)
	at java.util.concurrent.ThreadPoolExecutor.runWorker(ThreadPoolExecutor.java:1145)
	at java.util.concurrent.ThreadPoolExecutor$Worker.run(ThreadPoolExecutor.java:615)
	at java.lang.Thread.run(Thread.java:745)
</pre></div></td>
<td>0</td>
<td>null</td></tr>
<tr>
<td title='com.ojcoleman.europa.ConfigurableComponentParamsTest.paramsMaxValidation()'><b>paramsMaxValidation</b><br>Test class: com.ojcoleman.europa.ConfigurableComponentParamsTest</td>
<td><div><pre>java.lang.Throwable: Method ConfigurableComponentParamsTest.paramsMaxValidation()[pri:0, instance:com.ojcoleman.europa.ConfigurableComponentParamsTest@dabb176] depends on not successfully finished methods in group &quot;basic&quot;
	at java.util.concurrent.FutureTask.run(FutureTask.java:262)
	at java.util.concurrent.ThreadPoolExecutor.runWorker(ThreadPoolExecutor.java:1145)
	at java.util.concurrent.ThreadPoolExecutor$Worker.run(ThreadPoolExecutor.java:615)
	at java.lang.Thread.run(Thread.java:745)
... Removed 9 stack frames</pre></div><a href='#' onClick='toggleBox("stack-trace1738876071", this, "Click to show all stack frames", "Click to hide stack frames")'>Click to show all stack frames</a>
<div class='stack-trace' id='stack-trace1738876071'><pre>java.lang.Throwable: Method ConfigurableComponentParamsTest.paramsMaxValidation()[pri:0, instance:com.ojcoleman.europa.ConfigurableComponentParamsTest@dabb176] depends on not successfully finished methods in group &quot;basic&quot;
	at org.testng.internal.Invoker.invokeTestMethods(Invoker.java:1033)
	at org.testng.internal.TestMethodWorker.invokeTestMethods(TestMethodWorker.java:125)
	at org.testng.internal.TestMethodWorker.run(TestMethodWorker.java:108)
	at org.testng.TestRunner.privateRun(TestRunner.java:774)
	at org.testng.TestRunner.run(TestRunner.java:624)
	at org.testng.SuiteRunner.runTest(SuiteRunner.java:359)
	at org.testng.SuiteRunner.access$000(SuiteRunner.java:39)
	at org.testng.SuiteRunner$SuiteWorker.run(SuiteRunner.java:393)
	at org.testng.internal.thread.ThreadUtil$2.call(ThreadUtil.java:64)
	at java.util.concurrent.FutureTask.run(FutureTask.java:262)
	at java.util.concurrent.ThreadPoolExecutor.runWorker(ThreadPoolExecutor.java:1145)
	at java.util.concurrent.ThreadPoolExecutor$Worker.run(ThreadPoolExecutor.java:615)
	at java.lang.Thread.run(Thread.java:745)
</pre></div></td>
<td>0</td>
<td>null</td></tr>
<tr>
<td title='com.ojcoleman.europa.ConfigurableComponentParamsTest.paramsMinValidation()'><b>paramsMinValidation</b><br>Test class: com.ojcoleman.europa.ConfigurableComponentParamsTest</td>
<td><div><pre>java.lang.Throwable: Method ConfigurableComponentParamsTest.paramsMinValidation()[pri:0, instance:com.ojcoleman.europa.ConfigurableComponentParamsTest@dabb176] depends on not successfully finished methods in group &quot;basic&quot;
	at java.util.concurrent.FutureTask.run(FutureTask.java:262)
	at java.util.concurrent.ThreadPoolExecutor.runWorker(ThreadPoolExecutor.java:1145)
	at java.util.concurrent.ThreadPoolExecutor$Worker.run(ThreadPoolExecutor.java:615)
	at java.lang.Thread.run(Thread.java:745)
... Removed 9 stack frames</pre></div><a href='#' onClick='toggleBox("stack-trace1041955169", this, "Click to show all stack frames", "Click to hide stack frames")'>Click to show all stack frames</a>
<div class='stack-trace' id='stack-trace1041955169'><pre>java.lang.Throwable: Method ConfigurableComponentParamsTest.paramsMinValidation()[pri:0, instance:com.ojcoleman.europa.ConfigurableComponentParamsTest@dabb176] depends on not successfully finished methods in group &quot;basic&quot;
	at org.testng.internal.Invoker.invokeTestMethods(Invoker.java:1033)
	at org.testng.internal.TestMethodWorker.invokeTestMethods(TestMethodWorker.java:125)
	at org.testng.internal.TestMethodWorker.run(TestMethodWorker.java:108)
	at org.testng.TestRunner.privateRun(TestRunner.java:774)
	at org.testng.TestRunner.run(TestRunner.java:624)
	at org.testng.SuiteRunner.runTest(SuiteRunner.java:359)
	at org.testng.SuiteRunner.access$000(SuiteRunner.java:39)
	at org.testng.SuiteRunner$SuiteWorker.run(SuiteRunner.java:393)
	at org.testng.internal.thread.ThreadUtil$2.call(ThreadUtil.java:64)
	at java.util.concurrent.FutureTask.run(FutureTask.java:262)
	at java.util.concurrent.ThreadPoolExecutor.runWorker(ThreadPoolExecutor.java:1145)
	at java.util.concurrent.ThreadPoolExecutor$Worker.run(ThreadPoolExecutor.java:615)
	at java.lang.Thread.run(Thread.java:745)
</pre></div></td>
<td>0</td>
<td>null</td></tr>
<tr>
<td title='com.ojcoleman.europa.ConfigurableComponentParamsTest.paramsRegexValidation()'><b>paramsRegexValidation</b><br>Test class: com.ojcoleman.europa.ConfigurableComponentParamsTest</td>
<td><div><pre>java.lang.Throwable: Method ConfigurableComponentParamsTest.paramsRegexValidation()[pri:0, instance:com.ojcoleman.europa.ConfigurableComponentParamsTest@dabb176] depends on not successfully finished methods in group &quot;basic&quot;
	at java.util.concurrent.FutureTask.run(FutureTask.java:262)
	at java.util.concurrent.ThreadPoolExecutor.runWorker(ThreadPoolExecutor.java:1145)
	at java.util.concurrent.ThreadPoolExecutor$Worker.run(ThreadPoolExecutor.java:615)
	at java.lang.Thread.run(Thread.java:745)
... Removed 9 stack frames</pre></div><a href='#' onClick='toggleBox("stack-trace82259429", this, "Click to show all stack frames", "Click to hide stack frames")'>Click to show all stack frames</a>
<div class='stack-trace' id='stack-trace82259429'><pre>java.lang.Throwable: Method ConfigurableComponentParamsTest.paramsRegexValidation()[pri:0, instance:com.ojcoleman.europa.ConfigurableComponentParamsTest@dabb176] depends on not successfully finished methods in group &quot;basic&quot;
	at org.testng.internal.Invoker.invokeTestMethods(Invoker.java:1033)
	at org.testng.internal.TestMethodWorker.invokeTestMethods(TestMethodWorker.java:125)
	at org.testng.internal.TestMethodWorker.run(TestMethodWorker.java:108)
	at org.testng.TestRunner.privateRun(TestRunner.java:774)
	at org.testng.TestRunner.run(TestRunner.java:624)
	at org.testng.SuiteRunner.runTest(SuiteRunner.java:359)
	at org.testng.SuiteRunner.access$000(SuiteRunner.java:39)
	at org.testng.SuiteRunner$SuiteWorker.run(SuiteRunner.java:393)
	at org.testng.internal.thread.ThreadUtil$2.call(ThreadUtil.java:64)
	at java.util.concurrent.FutureTask.run(FutureTask.java:262)
	at java.util.concurrent.ThreadPoolExecutor.runWorker(ThreadPoolExecutor.java:1145)
	at java.util.concurrent.ThreadPoolExecutor$Worker.run(ThreadPoolExecutor.java:615)
	at java.lang.Thread.run(Thread.java:745)
</pre></div></td>
<td>0</td>
<td>null</td></tr>
<tr>
<td title='com.ojcoleman.europa.ConfigurableComponentParamsTest.paramsSetArrayValues()'><b>paramsSetArrayValues</b><br>Test class: com.ojcoleman.europa.ConfigurableComponentParamsTest</td>
<td><div><pre>java.lang.Throwable: Method ConfigurableComponentParamsTest.paramsSetArrayValues()[pri:0, instance:com.ojcoleman.europa.ConfigurableComponentParamsTest@dabb176] depends on not successfully finished methods in group &quot;basic&quot;
	at java.util.concurrent.FutureTask.run(FutureTask.java:262)
	at java.util.concurrent.ThreadPoolExecutor.runWorker(ThreadPoolExecutor.java:1145)
	at java.util.concurrent.ThreadPoolExecutor$Worker.run(ThreadPoolExecutor.java:615)
	at java.lang.Thread.run(Thread.java:745)
... Removed 9 stack frames</pre></div><a href='#' onClick='toggleBox("stack-trace574082015", this, "Click to show all stack frames", "Click to hide stack frames")'>Click to show all stack frames</a>
<div class='stack-trace' id='stack-trace574082015'><pre>java.lang.Throwable: Method ConfigurableComponentParamsTest.paramsSetArrayValues()[pri:0, instance:com.ojcoleman.europa.ConfigurableComponentParamsTest@dabb176] depends on not successfully finished methods in group &quot;basic&quot;
	at org.testng.internal.Invoker.invokeTestMethods(Invoker.java:1033)
	at org.testng.internal.TestMethodWorker.invokeTestMethods(TestMethodWorker.java:125)
	at org.testng.internal.TestMethodWorker.run(TestMethodWorker.java:108)
	at org.testng.TestRunner.privateRun(TestRunner.java:774)
	at org.testng.TestRunner.run(TestRunner.java:624)
	at org.testng.SuiteRunner.runTest(SuiteRunner.java:359)
	at org.testng.SuiteRunner.access$000(SuiteRunner.java:39)
	at org.testng.SuiteRunner$SuiteWorker.run(SuiteRunner.java:393)
	at org.testng.internal.thread.ThreadUtil$2.call(ThreadUtil.java:64)
	at java.util.concurrent.FutureTask.run(FutureTask.java:262)
	at java.util.concurrent.ThreadPoolExecutor.runWorker(ThreadPoolExecutor.java:1145)
	at java.util.concurrent.ThreadPoolExecutor$Worker.run(ThreadPoolExecutor.java:615)
	at java.lang.Thread.run(Thread.java:745)
</pre></div></td>
<td>0</td>
<td>null</td></tr>
</table><p>
</body>
</html>