<?xml version="1.0" encoding="UTF-8"?>
<!-- Generated by org.testng.reporters.JUnitXMLReporter -->
<testsuite hostname="hubert" name="Test" tests="17" failures="1" timestamp="27 Nov 2015 19:44:00 GMT" time="0.085" errors="0">
  <testcase name="paramsSetValues" time="0.024" classname="com.ojcoleman.europa.ConfigurableComponentParamsTest"/>
  <testcase name="setObjectParamNoGoodConstructor" time="0.001" classname="com.ojcoleman.europa.ConfigurableComponentParamsTest">
    <failure type="java.lang.AssertionError" message="Wrong exception thrown.">
      <![CDATA[java.lang.AssertionError: Wrong exception thrown.
	at com.ojcoleman.europa.ConfigurableComponentParamsTest.setObjectParamNoGoodConstructor(ConfigurableComponentParamsTest.java:96)
	at java.util.concurrent.FutureTask.run(FutureTask.java:262)
	at java.util.concurrent.ThreadPoolExecutor.runWorker(ThreadPoolExecutor.java:1145)
	at java.util.concurrent.ThreadPoolExecutor$Worker.run(ThreadPoolExecutor.java:615)
	at java.lang.Thread.run(Thread.java:745)
Caused by: com.ojcoleman.europa.configurable.RequiredParameterValueMissingException: Value for required parameter param in component com.ojcoleman.europa.ConfigurableComponentParamsTest$ParamsCustomObjectNoGoodConstructor
	at com.ojcoleman.europa.configurable.ConfigurableComponent$ParameterWrapper.set(ConfigurableComponent.java:374)
	at com.ojcoleman.europa.configurable.ConfigurableComponent.<init>(ConfigurableComponent.java:85)
	at com.ojcoleman.europa.ConfigurableComponentParamsTest$ParamsCustomObjectNoGoodConstructor.<init>(ConfigurableComponentParamsTest.java:343)
	at com.ojcoleman.europa.ConfigurableComponentParamsTest.setObjectParamNoGoodConstructor(ConfigurableComponentParamsTest.java:92)
	... 20 more
... Removed 17 stack frames]]>
    </failure>
  </testcase> <!-- setObjectParamNoGoodConstructor -->
  <testcase name="subCompArrayWithParams" time="0.005" classname="com.ojcoleman.europa.ConfigurableComponentSubcomponentsTest"/>
  <testcase name="subCompDefault" time="0.001" classname="com.ojcoleman.europa.ConfigurableComponentSubcomponentsTest"/>
  <testcase name="subCompInvalid" time="0.001" classname="com.ojcoleman.europa.ConfigurableComponentSubcomponentsTest"/>
  <testcase name="subCompOptional" time="0.0" classname="com.ojcoleman.europa.ConfigurableComponentSubcomponentsTest"/>
  <testcase name="subCompRequired" time="0.001" classname="com.ojcoleman.europa.ConfigurableComponentSubcomponentsTest"/>
  <testcase name="subCompSetImpl" time="0.0" classname="com.ojcoleman.europa.ConfigurableComponentSubcomponentsTest"/>
  <testcase name="subCompWithParams" time="0.001" classname="com.ojcoleman.europa.ConfigurableComponentSubcomponentsTest"/>
  <testcase name="paramsDefaults" time="0.002" classname="com.ojcoleman.europa.ConfigurableComponentParamsTest"/>
  <testcase name="paramsMissingRequired" time="0.004" classname="com.ojcoleman.europa.ConfigurableComponentParamsTest"/>
  <testcase name="paramsOptional" time="0.002" classname="com.ojcoleman.europa.ConfigurableComponentParamsTest"/>
  <testcase name="paramsMaxValidation" time="0.0" classname="com.ojcoleman.europa.ConfigurableComponentParamsTest">
    <skipped/>
  </testcase> <!-- paramsMaxValidation -->
  <testcase name="paramsMinValidation" time="0.0" classname="com.ojcoleman.europa.ConfigurableComponentParamsTest">
    <skipped/>
  </testcase> <!-- paramsMinValidation -->
  <testcase name="paramsRegexValidation" time="0.0" classname="com.ojcoleman.europa.ConfigurableComponentParamsTest">
    <skipped/>
  </testcase> <!-- paramsRegexValidation -->
  <testcase name="paramsSetArrayValues" time="0.0" classname="com.ojcoleman.europa.ConfigurableComponentParamsTest">
    <skipped/>
  </testcase> <!-- paramsSetArrayValues -->
  <testcase name="paramsDefaultArrayValues" time="0.0" classname="com.ojcoleman.europa.ConfigurableComponentParamsTest">
    <skipped/>
  </testcase> <!-- paramsDefaultArrayValues -->
</testsuite> <!-- Test -->
