<!DOCTYPE html>
<html>
<head>
<meta http-equiv="Content-Type" content="text/html; charset=utf-8"/>
<meta http-equiv="x-ua-compatible" content="IE=edge"/>
<title>Test results - Class com.ojcoleman.europa.ConfigurableComponentParamsTest</title>
<link href="../css/base-style.css" rel="stylesheet" type="text/css"/>
<link href="../css/style.css" rel="stylesheet" type="text/css"/>
<script src="../js/report.js" type="text/javascript"></script>
</head>
<body>
<div id="content">
<h1>Class com.ojcoleman.europa.ConfigurableComponentParamsTest</h1>
<div class="breadcrumbs">
<a href="../index.html">all</a> &gt; 
<a href="../packages/com.ojcoleman.europa.html">com.ojcoleman.europa</a> &gt; ConfigurableComponentParamsTest</div>
<div id="summary">
<table>
<tr>
<td>
<div class="summaryGroup">
<table>
<tr>
<td>
<div class="infoBox" id="tests">
<div class="counter">10</div>
<p>tests</p>
</div>
</td>
<td>
<div class="infoBox" id="failures">
<div class="counter">1</div>
<p>failures</p>
</div>
</td>
<td>
<div class="infoBox" id="ignored">
<div class="counter">8</div>
<p>ignored</p>
</div>
</td>
<td>
<div class="infoBox" id="duration">
<div class="counter">0.027s</div>
<p>duration</p>
</div>
</td>
</tr>
</table>
</div>
</td>
<td>
<div class="infoBox failures" id="successRate">
<div class="percent">50%</div>
<p>successful</p>
</div>
</td>
</tr>
</table>
</div>
<div id="tabs">
<ul class="tabLinks">
<li>
<a href="#tab0">Failed tests</a>
</li>
<li>
<a href="#tab1">Tests</a>
</li>
<li>
<a href="#tab2">Standard error</a>
</li>
</ul>
<div id="tab0" class="tab">
<h2>Failed tests</h2>
<div class="test">
<a name="paramsSetValues[0]({&quot;booleanParamTrue&quot;:true,&quot;booleanParamFalse&quot;:false,&quot;intParam&quot;:2,&quot;longParam&quot;:3,&quot;floatParam&quot;:5.7,&quot;doubleParam&quot;:11.13,&quot;stringParam&quot;:&quot;Seventeen, nineteen.&quot;,&quot;customObjectParam&quot;:{&quot;intVal&quot;:21,&quot;stringVal&quot;:&quot;twenty three&quot;},&quot;classParam&quot;:&quot;java.lang.Double&quot;,&quot;enumParam&quot;:&quot;test_1&quot;})"></a>
<h3 class="failures">paramsSetValues[0]({&quot;booleanParamTrue&quot;:true,&quot;booleanParamFalse&quot;:false,&quot;intParam&quot;:2,&quot;longParam&quot;:3,&quot;floatParam&quot;:5.7,&quot;doubleParam&quot;:11.13,&quot;stringParam&quot;:&quot;Seventeen, nineteen.&quot;,&quot;customObjectParam&quot;:{&quot;intVal&quot;:21,&quot;stringVal&quot;:&quot;twenty three&quot;},&quot;classParam&quot;:&quot;java.lang.Double&quot;,&quot;enumParam&quot;:&quot;test_1&quot;})</h3>
<span class="code">
<pre>java.lang.IllegalArgumentException: The enum constant test_1 specified for the parameter enumParam in component (super)class com.ojcoleman.europa.ConfigurableComponentParamsTest.ParamsSet does not exist. Check case?
	at com.ojcoleman.europa.configurable.ConfigurableComponent.checkEnumValueExists(ConfigurableComponent.java:585)
	at com.ojcoleman.europa.configurable.ConfigurableComponent.access$300(ConfigurableComponent.java:61)
	at com.ojcoleman.europa.configurable.ConfigurableComponent$ParameterWrapper.set(ConfigurableComponent.java:544)
	at com.ojcoleman.europa.configurable.ConfigurableComponent.&lt;init&gt;(ConfigurableComponent.java:110)
	at com.ojcoleman.europa.ConfigurableComponentParamsTest$ParamsSet.&lt;init&gt;(ConfigurableComponentParamsTest.java:198)
	at com.ojcoleman.europa.ConfigurableComponentParamsTest.paramsSetValues(ConfigurableComponentParamsTest.java:35)
	at sun.reflect.NativeMethodAccessorImpl.invoke0(Native Method)
	at sun.reflect.NativeMethodAccessorImpl.invoke(NativeMethodAccessorImpl.java:62)
	at sun.reflect.DelegatingMethodAccessorImpl.invoke(DelegatingMethodAccessorImpl.java:43)
	at java.lang.reflect.Method.invoke(Method.java:497)
	at org.testng.internal.MethodInvocationHelper.invokeMethod(MethodInvocationHelper.java:85)
	at org.testng.internal.Invoker.invokeMethod(Invoker.java:639)
	at org.testng.internal.Invoker.invokeTestMethod(Invoker.java:816)
	at org.testng.internal.Invoker.invokeTestMethods(Invoker.java:1124)
	at org.testng.internal.TestMethodWorker.invokeTestMethods(TestMethodWorker.java:125)
	at org.testng.internal.TestMethodWorker.run(TestMethodWorker.java:108)
	at org.testng.TestRunner.privateRun(TestRunner.java:774)
	at org.testng.TestRunner.run(TestRunner.java:624)
	at org.testng.SuiteRunner.runTest(SuiteRunner.java:359)
	at org.testng.SuiteRunner.runSequentially(SuiteRunner.java:354)
	at org.testng.SuiteRunner.privateRun(SuiteRunner.java:312)
	at org.testng.SuiteRunner.run(SuiteRunner.java:261)
	at org.testng.SuiteRunnerWorker.runSuite(SuiteRunnerWorker.java:52)
	at org.testng.SuiteRunnerWorker.run(SuiteRunnerWorker.java:86)
	at org.testng.TestNG.runSuitesSequentially(TestNG.java:1215)
	at org.testng.TestNG.runSuitesLocally(TestNG.java:1140)
	at org.testng.TestNG.run(TestNG.java:1048)
	at org.gradle.api.internal.tasks.testing.testng.TestNGTestClassProcessor.runTests(TestNGTestClassProcessor.java:136)
	at org.gradle.api.internal.tasks.testing.testng.TestNGTestClassProcessor.stop(TestNGTestClassProcessor.java:80)
	at org.gradle.api.internal.tasks.testing.SuiteTestClassProcessor.stop(SuiteTestClassProcessor.java:59)
	at sun.reflect.NativeMethodAccessorImpl.invoke0(Native Method)
	at sun.reflect.NativeMethodAccessorImpl.invoke(NativeMethodAccessorImpl.java:62)
	at sun.reflect.DelegatingMethodAccessorImpl.invoke(DelegatingMethodAccessorImpl.java:43)
	at java.lang.reflect.Method.invoke(Method.java:497)
	at org.gradle.messaging.dispatch.ReflectionDispatch.dispatch(ReflectionDispatch.java:35)
	at org.gradle.messaging.dispatch.ReflectionDispatch.dispatch(ReflectionDispatch.java:24)
	at org.gradle.messaging.dispatch.ContextClassLoaderDispatch.dispatch(ContextClassLoaderDispatch.java:32)
	at org.gradle.messaging.dispatch.ProxyDispatchAdapter$DispatchingInvocationHandler.invoke(ProxyDispatchAdapter.java:93)
	at com.sun.proxy.$Proxy2.stop(Unknown Source)
	at org.gradle.api.internal.tasks.testing.worker.TestWorker.stop(TestWorker.java:116)
	at sun.reflect.NativeMethodAccessorImpl.invoke0(Native Method)
	at sun.reflect.NativeMethodAccessorImpl.invoke(NativeMethodAccessorImpl.java:62)
	at sun.reflect.DelegatingMethodAccessorImpl.invoke(DelegatingMethodAccessorImpl.java:43)
	at java.lang.reflect.Method.invoke(Method.java:497)
	at org.gradle.messaging.dispatch.ReflectionDispatch.dispatch(ReflectionDispatch.java:35)
	at org.gradle.messaging.dispatch.ReflectionDispatch.dispatch(ReflectionDispatch.java:24)
	at org.gradle.messaging.remote.internal.hub.MessageHub$Handler.run(MessageHub.java:360)
	at org.gradle.internal.concurrent.ExecutorPolicy$CatchAndRecordFailures.onExecute(ExecutorPolicy.java:54)
	at org.gradle.internal.concurrent.StoppableExecutorImpl$1.run(StoppableExecutorImpl.java:40)
	at java.util.concurrent.ThreadPoolExecutor.runWorker(ThreadPoolExecutor.java:1142)
	at java.util.concurrent.ThreadPoolExecutor$Worker.run(ThreadPoolExecutor.java:617)
	at java.lang.Thread.run(Thread.java:745)
Caused by: java.lang.IllegalArgumentException: No enum constant com.ojcoleman.europa.ConfigurableComponentParamsTest.TestEnum.test_1
	at java.lang.Enum.valueOf(Enum.java:238)
	at com.ojcoleman.europa.configurable.ConfigurableComponent.checkEnumValueExists(ConfigurableComponent.java:580)
	... 51 more
</pre>
</span>
</div>
</div>
<div id="tab1" class="tab">
<h2>Tests</h2>
<table>
<thead>
<tr>
<th>Test</th>
<th>Duration</th>
<th>Result</th>
</tr>
</thead>
<tr>
<td class="skipped">paramsDefaultArrayValues</td>
<td>-</td>
<td class="skipped">ignored</td>
</tr>
<tr>
<td class="skipped">paramsDefaults</td>
<td>-</td>
<td class="skipped">ignored</td>
</tr>
<tr>
<td class="skipped">paramsMaxValidation</td>
<td>-</td>
<td class="skipped">ignored</td>
</tr>
<tr>
<td class="skipped">paramsMinValidation</td>
<td>-</td>
<td class="skipped">ignored</td>
</tr>
<tr>
<td class="skipped">paramsMissingRequired</td>
<td>-</td>
<td class="skipped">ignored</td>
</tr>
<tr>
<td class="skipped">paramsOptional</td>
<td>-</td>
<td class="skipped">ignored</td>
</tr>
<tr>
<td class="skipped">paramsRegexValidation</td>
<td>-</td>
<td class="skipped">ignored</td>
</tr>
<tr>
<td class="skipped">paramsSetArrayValues</td>
<td>-</td>
<td class="skipped">ignored</td>
</tr>
<tr>
<td class="failures">paramsSetValues[0]({&quot;booleanParamTrue&quot;:true,&quot;booleanParamFalse&quot;:false,&quot;intParam&quot;:2,&quot;longParam&quot;:3,&quot;floatParam&quot;:5.7,&quot;doubleParam&quot;:11.13,&quot;stringParam&quot;:&quot;Seventeen, nineteen.&quot;,&quot;customObjectParam&quot;:{&quot;intVal&quot;:21,&quot;stringVal&quot;:&quot;twenty three&quot;},&quot;classParam&quot;:&quot;java.lang.Double&quot;,&quot;enumParam&quot;:&quot;test_1&quot;})</td>
<td>0.025s</td>
<td class="failures">failed</td>
</tr>
<tr>
<td class="success">setObjectParamNoGoodConstructor</td>
<td>0.002s</td>
<td class="success">passed</td>
</tr>
</table>
</div>
<div id="tab2" class="tab">
<h2>Standard error</h2>
<span class="code">
<pre>[Test worker] ERROR com.ojcoleman.europa.configurable.ConfigurableComponent - The enum constant test_1 specified for the parameter enumParam in component (super)class com.ojcoleman.europa.ConfigurableComponentParamsTest.ParamsSet does not exist. Check case?
[Test worker] ERROR com.ojcoleman.europa.configurable.ConfigurableComponent - Parameter param in component (super)class com.ojcoleman.europa.ConfigurableComponentParamsTest.ParamsCustomObjectNoGoodConstructor is of a Class that has no Constructor taking either a single JsonValue or String argument.
</pre>
</span>
</div>
</div>
<div id="footer">
<p>
<div>
<label class="hidden" id="label-for-line-wrapping-toggle" for="line-wrapping-toggle">Wrap lines
<input id="line-wrapping-toggle" type="checkbox" autocomplete="off"/>
</label>
</div>Generated by 
<a href="http://www.gradle.org">Gradle 2.5</a> at 28/12/2015 8:06:59 AM</p>
</div>
</div>
</body>
</html>
